Using pre-set license
Built from '2023.1/staging' branch; Version is '2023.1.5f1 (9dce81d9e7e0) revision 10342017'; Using compiler version '192829333'; Build Type 'Release'
OS: 'Windows 10  (10.0.19045) 64bit CoreSingleLanguage' Language: 'ru' Physical Memory: 16155 MB
BatchMode: 1, IsHumanControllingUs: 0, StartBugReporterOnCrash: 0, Is64bit: 1, IsPro: 1

COMMAND LINE ARGUMENTS:
C:\Program Files\2023.1.5f1\Editor\Unity.exe
-adb2
-batchMode
-noUpm
-name
AssetImportWorker1
-projectPath
D:/Проект/AXYET-GameDev/AXYET-GameDev
-logFile
Logs/AssetImportWorker1.log
-srvPort
51711
Successfully changed project path to: D:/Проект/AXYET-GameDev/AXYET-GameDev
D:/Проект/AXYET-GameDev/AXYET-GameDev
[UnityMemory] Configuration Parameters - Can be set up in boot.config
    "memorysetup-bucket-allocator-granularity=16"
    "memorysetup-bucket-allocator-bucket-count=8"
    "memorysetup-bucket-allocator-block-size=33554432"
    "memorysetup-bucket-allocator-block-count=8"
    "memorysetup-main-allocator-block-size=16777216"
    "memorysetup-thread-allocator-block-size=16777216"
    "memorysetup-gfx-main-allocator-block-size=16777216"
    "memorysetup-gfx-thread-allocator-block-size=16777216"
    "memorysetup-cache-allocator-block-size=4194304"
    "memorysetup-typetree-allocator-block-size=2097152"
    "memorysetup-profiler-bucket-allocator-granularity=16"
    "memorysetup-profiler-bucket-allocator-bucket-count=8"
    "memorysetup-profiler-bucket-allocator-block-size=33554432"
    "memorysetup-profiler-bucket-allocator-block-count=8"
    "memorysetup-profiler-allocator-block-size=16777216"
    "memorysetup-profiler-editor-allocator-block-size=1048576"
    "memorysetup-temp-allocator-size-main=16777216"
    "memorysetup-job-temp-allocator-block-size=2097152"
    "memorysetup-job-temp-allocator-block-size-background=1048576"
    "memorysetup-job-temp-allocator-reduction-small-platforms=262144"
    "memorysetup-allocator-temp-initial-block-size-main=262144"
    "memorysetup-allocator-temp-initial-block-size-worker=262144"
    "memorysetup-temp-allocator-size-background-worker=32768"
    "memorysetup-temp-allocator-size-job-worker=262144"
    "memorysetup-temp-allocator-size-preload-manager=33554432"
    "memorysetup-temp-allocator-size-nav-mesh-worker=65536"
    "memorysetup-temp-allocator-size-audio-worker=65536"
    "memorysetup-temp-allocator-size-cloud-worker=32768"
    "memorysetup-temp-allocator-size-gi-baking-worker=262144"
    "memorysetup-temp-allocator-size-gfx=262144"
Player connection [7832] Host "[IP] 10.114.6.224 [Port] 0 [Flags] 2 [Guid] 2983692074 [EditorId] 2983692074 [Version] 1048832 [Id] WindowsEditor(7,DESKTOP-PMOMP39) [Debug] 1 [PackageName] WindowsEditor [ProjectName] Editor" joined multi-casting on [225.0.0.222:54997]...

Player connection [7832] Host "[IP] 10.114.6.224 [Port] 0 [Flags] 2 [Guid] 2983692074 [EditorId] 2983692074 [Version] 1048832 [Id] WindowsEditor(7,DESKTOP-PMOMP39) [Debug] 1 [PackageName] WindowsEditor [ProjectName] Editor" joined alternative multi-casting on [225.0.0.222:34997]...

Library Redirect Path: Library/Refreshing native plugins compatible for Editor in 11.28 ms, found 4 plugins.
Preloading 0 native plugins for Editor in 0.00 ms.
Initialize engine version: 2023.1.5f1 (9dce81d9e7e0)
[Subsystems] Discovering subsystems at path C:/Program Files/2023.1.5f1/Editor/Data/Resources/UnitySubsystems
[Subsystems] Discovering subsystems at path D:/Проект/AXYET-GameDev/AXYET-GameDev/Assets
GfxDevice: creating device client; threaded=0; jobified=0
Direct3D:
    Version:  Direct3D 11.0 [level 11.1]
    Renderer: NVIDIA GeForce GTX 1650 (ID=0x1f99)
    Vendor:   NVIDIA
    VRAM:     3949 MB
    Driver:   31.0.15.3803
Initialize mono
Mono path[0] = 'C:/Program Files/2023.1.5f1/Editor/Data/Managed'
Mono path[1] = 'C:/Program Files/2023.1.5f1/Editor/Data/MonoBleedingEdge/lib/mono/unityjit-win32'
Mono config path = 'C:/Program Files/2023.1.5f1/Editor/Data/MonoBleedingEdge/etc'
Using monoOptions --debugger-agent=transport=dt_socket,embedding=1,server=y,suspend=n,address=127.0.0.1:56044
Begin MonoManager ReloadAssembly
C:\build\output\Unity-Technologies\mono\mono\metadata\icall.c:1842:
C:\build\output\Unity-Technologies\mono\mono\metadata\icall.c:1842:
C:\build\output\Unity-Technologies\mono\mono\metadata\icall.c:1842:
C:\build\output\Unity-Technologies\mono\mono\metadata\icall.c:1842:
C:\build\output\Unity-Technologies\mono\mono\metadata\icall.c:1842:
C:\build\output\Unity-Technologies\mono\mono\metadata\icall.c:1842:
C:\build\output\Unity-Technologies\mono\mono\metadata\icall.c:1842:
C:\build\output\Unity-Technologies\mono\mono\metadata\icall.c:1842:
C:\build\output\Unity-Technologies\mono\mono\metadata\icall.c:1842:
C:\build\output\Unity-Technologies\mono\mono\metadata\icall.c:1842:
Registering precompiled unity dll's ...
Register platform support module: C:/Program Files/2023.1.5f1/Editor/Data/PlaybackEngines/WindowsStandaloneSupport/UnityEditor.WindowsStandalone.Extensions.dll
Registered in 0.003650 seconds.
- Loaded All Assemblies, in  0.455 seconds
Native extension for WindowsStandalone target not found
Mono: successfully reloaded assembly
C:\build\output\Unity-Technologies\mono\mono\metadata\icall.c:1842:
C:\build\output\Unity-Technologies\mono\mono\metadata\icall.c:1842:
- Finished resetting the current domain, in  0.345 seconds
Domain Reload Profiling: 798ms
	BeginReloadAssembly (146ms)
		ExecutionOrderSort (0ms)
		DisableScriptedObjects (0ms)
		BackupInstance (0ms)
		ReleaseScriptingObjects (0ms)
		CreateAndSetChildDomain (1ms)
	RebuildCommonClasses (47ms)
	RebuildNativeTypeToScriptingClass (15ms)
	initialDomainReloadingComplete (56ms)
	LoadAllAssembliesAndSetupDomain (189ms)
		LoadAssemblies (144ms)
		RebuildTransferFunctionScriptingTraits (0ms)
		AnalyzeDomain (185ms)
			TypeCache.Refresh (183ms)
				TypeCache.ScanAssembly (167ms)
			ScanForSourceGeneratedMonoScriptInfo (1ms)
			ResolveRequiredComponents (1ms)
	FinalizeReload (345ms)
		ReleaseScriptCaches (0ms)
		RebuildScriptCaches (0ms)
		SetupLoadedEditorAssemblies (290ms)
			LogAssemblyErrors (0ms)
			InitializePlatformSupportModulesInManaged (9ms)
			SetLoadedEditorAssemblies (5ms)
			BeforeProcessingInitializeOnLoad (8ms)
			ProcessInitializeOnLoadAttributes (199ms)
			ProcessInitializeOnLoadMethodAttributes (69ms)
			AfterProcessingInitializeOnLoad (0ms)
			EditorAssembliesLoaded (0ms)
		ExecutionOrderSort2 (0ms)
		AwakeInstancesAfterBackupRestoration (0ms)
========================================================================
Worker process is ready to serve import requests
Import Worker Mode flag is 0x00
Begin MonoManager ReloadAssembly
C:\build\output\Unity-Technologies\mono\mono\metadata\icall.c:1842:
C:\build\output\Unity-Technologies\mono\mono\metadata\icall.c:1842:
C:\build\output\Unity-Technologies\mono\mono\metadata\icall.c:1842:
C:\build\output\Unity-Technologies\mono\mono\metadata\icall.c:1842:
C:\build\output\Unity-Technologies\mono\mono\metadata\icall.c:1842:
C:\build\output\Unity-Technologies\mono\mono\metadata\icall.c:1842:
C:\build\output\Unity-Technologies\mono\mono\metadata\icall.c:1842:
C:\build\output\Unity-Technologies\mono\mono\metadata\icall.c:1842:
C:\build\output\Unity-Technologies\mono\mono\metadata\icall.c:1842:
C:\build\output\Unity-Technologies\mono\mono\metadata\icall.c:1842:
C:\build\output\Unity-Technologies\mono\mono\metadata\icall.c:1842:
C:\build\output\Unity-Technologies\mono\mono\metadata\icall.c:1842:
Symbol file LoadedFromMemory doesn't match image D:\Проект\AXYET-GameDev\AXYET-GameDev\Library\PackageCache\com.unity.visualscripting@1.8.0\Editor\VisualScripting.Core\Dependencies\YamlDotNet\Unity.VisualScripting.YamlDotNet.dll
Symbol file LoadedFromMemory doesn't match image D:\Проект\AXYET-GameDev\AXYET-GameDev\Library\PackageCache\com.unity.visualscripting@1.8.0\Editor\VisualScripting.Core\Dependencies\DotNetZip\Unity.VisualScripting.IonicZip.dll
- Loaded All Assemblies, in  1.058 seconds
Refreshing native plugins compatible for Editor in 5.62 ms, found 4 plugins.
Native extension for WindowsStandalone target not found
Mono: successfully reloaded assembly
- Finished resetting the current domain, in  0.858 seconds
Domain Reload Profiling: 1914ms
	BeginReloadAssembly (342ms)
		ExecutionOrderSort (0ms)
		DisableScriptedObjects (6ms)
		BackupInstance (0ms)
		ReleaseScriptingObjects (0ms)
		CreateAndSetChildDomain (32ms)
	RebuildCommonClasses (40ms)
	RebuildNativeTypeToScriptingClass (15ms)
	initialDomainReloadingComplete (47ms)
	LoadAllAssembliesAndSetupDomain (611ms)
		LoadAssemblies (330ms)
		RebuildTransferFunctionScriptingTraits (0ms)
		AnalyzeDomain (392ms)
			TypeCache.Refresh (356ms)
				TypeCache.ScanAssembly (343ms)
			ScanForSourceGeneratedMonoScriptInfo (23ms)
			ResolveRequiredComponents (12ms)
	FinalizeReload (858ms)
		ReleaseScriptCaches (0ms)
		RebuildScriptCaches (0ms)
		SetupLoadedEditorAssemblies (583ms)
			LogAssemblyErrors (0ms)
			InitializePlatformSupportModulesInManaged (8ms)
			SetLoadedEditorAssemblies (5ms)
			BeforeProcessingInitializeOnLoad (144ms)
			ProcessInitializeOnLoadAttributes (381ms)
			ProcessInitializeOnLoadMethodAttributes (41ms)
			AfterProcessingInitializeOnLoad (4ms)
			EditorAssembliesLoaded (0ms)
		ExecutionOrderSort2 (0ms)
		AwakeInstancesAfterBackupRestoration (7ms)
Launched and connected shader compiler UnityShaderCompiler.exe after 0.01 seconds
Refreshing native plugins compatible for Editor in 3.10 ms, found 4 plugins.
Preloading 0 native plugins for Editor in 0.00 ms.
Unloading 4307 Unused Serialized files (Serialized files now loaded: 0)
Unloading 76 unused Assets / (117.1 KB). Loaded Objects now: 4849.
Memory consumption went from 151.4 MB to 151.2 MB.
Total: 6.935200 ms (FindLiveObjects: 0.380100 ms CreateObjectMapping: 0.490100 ms MarkObjects: 5.835800 ms  DeleteObjects: 0.227800 ms)

AssetImportParameters requested are different than current active one (requested -> active):
  custom:video-decoder-webm-vp8: 9c59270c3fd7afecdb556c50c9e8de78 -> 
  custom:audio-encoder-webm-vorbis: bf7c407c2cedff20999df2af8eb42d56 -> 
  custom:AudioImporter_EditorPlatform: d09bf68614088b80899f8185d706f6e7 -> 
  custom:audio-decoder-ogg-vorbis: bf7c407c2cedff20999df2af8eb42d56 -> 
  custom:video-encoder-webm-vp8: eb34c28f22e8b96e1ab97ce403110664 -> 
  custom:container-demuxer-ogg: 62fdf1f143b41e24485cea50d1cbac27 -> 
  custom:framework-win-MediaFoundation: 216162199b28c13a410421893ffa2e32 -> 
  custom:video-decoder-ogg-theora: a1e56fd34408186e4bbccfd4996cb3dc -> 
  custom:container-muxer-webm: aa71ff27fc2769a1b78a27578f13a17b -> 
  custom:CustomObjectIndexerAttribute: 756ad292c208cfabdd7b50bc23989ffe -> 
  custom:container-demuxer-webm: 4f35f7cbe854078d1ac9338744f61a02 -> 
========================================================================
Received Prepare
Begin MonoManager ReloadAssembly
C:\build\output\Unity-Technologies\mono\mono\metadata\icall.c:1842:
C:\build\output\Unity-Technologies\mono\mono\metadata\icall.c:1842:
C:\build\output\Unity-Technologies\mono\mono\metadata\icall.c:1842:
C:\build\output\Unity-Technologies\mono\mono\metadata\icall.c:1842:
C:\build\output\Unity-Technologies\mono\mono\metadata\icall.c:1842:
C:\build\output\Unity-Technologies\mono\mono\metadata\icall.c:1842:
C:\build\output\Unity-Technologies\mono\mono\metadata\icall.c:1842:
C:\build\output\Unity-Technologies\mono\mono\metadata\icall.c:1842:
C:\build\output\Unity-Technologies\mono\mono\metadata\icall.c:1842:
C:\build\output\Unity-Technologies\mono\mono\metadata\icall.c:1842:
C:\build\output\Unity-Technologies\mono\mono\metadata\icall.c:1842:
C:\build\output\Unity-Technologies\mono\mono\metadata\icall.c:1842:
Symbol file LoadedFromMemory doesn't match image D:\Проект\AXYET-GameDev\AXYET-GameDev\Library\PackageCache\com.unity.visualscripting@1.8.0\Editor\VisualScripting.Core\Dependencies\YamlDotNet\Unity.VisualScripting.YamlDotNet.dll
Symbol file LoadedFromMemory doesn't match image D:\Проект\AXYET-GameDev\AXYET-GameDev\Library\PackageCache\com.unity.visualscripting@1.8.0\Editor\VisualScripting.Core\Dependencies\DotNetZip\Unity.VisualScripting.IonicZip.dll
- Loaded All Assemblies, in  0.820 seconds
Refreshing native plugins compatible for Editor in 3.75 ms, found 4 plugins.
Native extension for WindowsStandalone target not found
Mono: successfully reloaded assembly
- Finished resetting the current domain, in  1.053 seconds
Domain Reload Profiling: 1872ms
	BeginReloadAssembly (184ms)
		ExecutionOrderSort (0ms)
		DisableScriptedObjects (14ms)
		BackupInstance (0ms)
		ReleaseScriptingObjects (0ms)
		CreateAndSetChildDomain (46ms)
	RebuildCommonClasses (46ms)
	RebuildNativeTypeToScriptingClass (18ms)
	initialDomainReloadingComplete (25ms)
	LoadAllAssembliesAndSetupDomain (544ms)
		LoadAssemblies (293ms)
		RebuildTransferFunctionScriptingTraits (0ms)
		AnalyzeDomain (339ms)
			TypeCache.Refresh (333ms)
				TypeCache.ScanAssembly (320ms)
			ScanForSourceGeneratedMonoScriptInfo (0ms)
			ResolveRequiredComponents (6ms)
	FinalizeReload (1054ms)
		ReleaseScriptCaches (0ms)
		RebuildScriptCaches (0ms)
		SetupLoadedEditorAssemblies (518ms)
			LogAssemblyErrors (0ms)
			InitializePlatformSupportModulesInManaged (8ms)
			SetLoadedEditorAssemblies (5ms)
			BeforeProcessingInitializeOnLoad (112ms)
			ProcessInitializeOnLoadAttributes (354ms)
			ProcessInitializeOnLoadMethodAttributes (34ms)
			AfterProcessingInitializeOnLoad (5ms)
			EditorAssembliesLoaded (0ms)
		ExecutionOrderSort2 (0ms)
		AwakeInstancesAfterBackupRestoration (10ms)
Refreshing native plugins compatible for Editor in 5.51 ms, found 4 plugins.
Preloading 0 native plugins for Editor in 0.00 ms.
Unloading 4294 Unused Serialized files (Serialized files now loaded: 0)
Unloading 35 unused Assets / (91.9 KB). Loaded Objects now: 4864.
Memory consumption went from 147.7 MB to 147.6 MB.
Total: 11.275600 ms (FindLiveObjects: 1.022600 ms CreateObjectMapping: 0.609600 ms MarkObjects: 9.521300 ms  DeleteObjects: 0.121200 ms)

Prepare: number of updated asset objects reloaded= 0
AssetImportParameters requested are different than current active one (requested -> active):
  custom:video-decoder-webm-vp8: 9c59270c3fd7afecdb556c50c9e8de78 -> 
  custom:audio-encoder-webm-vorbis: bf7c407c2cedff20999df2af8eb42d56 -> 
  custom:AudioImporter_EditorPlatform: d09bf68614088b80899f8185d706f6e7 -> 
  custom:audio-decoder-ogg-vorbis: bf7c407c2cedff20999df2af8eb42d56 -> 
  custom:video-encoder-webm-vp8: eb34c28f22e8b96e1ab97ce403110664 -> 
  custom:container-demuxer-ogg: 62fdf1f143b41e24485cea50d1cbac27 -> 
  custom:framework-win-MediaFoundation: 216162199b28c13a410421893ffa2e32 -> 
  custom:video-decoder-ogg-theora: a1e56fd34408186e4bbccfd4996cb3dc -> 
  custom:container-muxer-webm: aa71ff27fc2769a1b78a27578f13a17b -> 
  custom:CustomObjectIndexerAttribute: 756ad292c208cfabdd7b50bc23989ffe -> 
  custom:container-demuxer-webm: 4f35f7cbe854078d1ac9338744f61a02 -> 
========================================================================
Received Prepare
Begin MonoManager ReloadAssembly
C:\build\output\Unity-Technologies\mono\mono\metadata\icall.c:1842:
C:\build\output\Unity-Technologies\mono\mono\metadata\icall.c:1842:
C:\build\output\Unity-Technologies\mono\mono\metadata\icall.c:1842:
C:\build\output\Unity-Technologies\mono\mono\metadata\icall.c:1842:
C:\build\output\Unity-Technologies\mono\mono\metadata\icall.c:1842:
C:\build\output\Unity-Technologies\mono\mono\metadata\icall.c:1842:
C:\build\output\Unity-Technologies\mono\mono\metadata\icall.c:1842:
C:\build\output\Unity-Technologies\mono\mono\metadata\icall.c:1842:
C:\build\output\Unity-Technologies\mono\mono\metadata\icall.c:1842:
C:\build\output\Unity-Technologies\mono\mono\metadata\icall.c:1842:
C:\build\output\Unity-Technologies\mono\mono\metadata\icall.c:1842:
C:\build\output\Unity-Technologies\mono\mono\metadata\icall.c:1842:
Symbol file LoadedFromMemory doesn't match image D:\Проект\AXYET-GameDev\AXYET-GameDev\Library\PackageCache\com.unity.visualscripting@1.8.0\Editor\VisualScripting.Core\Dependencies\YamlDotNet\Unity.VisualScripting.YamlDotNet.dll
Symbol file LoadedFromMemory doesn't match image D:\Проект\AXYET-GameDev\AXYET-GameDev\Library\PackageCache\com.unity.visualscripting@1.8.0\Editor\VisualScripting.Core\Dependencies\DotNetZip\Unity.VisualScripting.IonicZip.dll
- Loaded All Assemblies, in  0.743 seconds
Refreshing native plugins compatible for Editor in 3.09 ms, found 4 plugins.
Native extension for WindowsStandalone target not found
Mono: successfully reloaded assembly
- Finished resetting the current domain, in  1.053 seconds
Domain Reload Profiling: 1795ms
	BeginReloadAssembly (185ms)
		ExecutionOrderSort (0ms)
		DisableScriptedObjects (14ms)
		BackupInstance (0ms)
		ReleaseScriptingObjects (0ms)
		CreateAndSetChildDomain (44ms)
	RebuildCommonClasses (32ms)
	RebuildNativeTypeToScriptingClass (13ms)
	initialDomainReloadingComplete (23ms)
	LoadAllAssembliesAndSetupDomain (488ms)
		LoadAssemblies (285ms)
		RebuildTransferFunctionScriptingTraits (0ms)
		AnalyzeDomain (296ms)
			TypeCache.Refresh (290ms)
				TypeCache.ScanAssembly (273ms)
			ScanForSourceGeneratedMonoScriptInfo (0ms)
			ResolveRequiredComponents (6ms)
	FinalizeReload (1054ms)
		ReleaseScriptCaches (0ms)
		RebuildScriptCaches (0ms)
		SetupLoadedEditorAssemblies (508ms)
			LogAssemblyErrors (0ms)
			InitializePlatformSupportModulesInManaged (6ms)
			SetLoadedEditorAssemblies (4ms)
			BeforeProcessingInitializeOnLoad (107ms)
			ProcessInitializeOnLoadAttributes (347ms)
			ProcessInitializeOnLoadMethodAttributes (38ms)
			AfterProcessingInitializeOnLoad (6ms)
			EditorAssembliesLoaded (0ms)
		ExecutionOrderSort2 (0ms)
		AwakeInstancesAfterBackupRestoration (10ms)
Refreshing native plugins compatible for Editor in 3.51 ms, found 4 plugins.
Preloading 0 native plugins for Editor in 0.00 ms.
Unloading 4294 Unused Serialized files (Serialized files now loaded: 0)
Unloading 35 unused Assets / (91.9 KB). Loaded Objects now: 4878.
Memory consumption went from 147.7 MB to 147.6 MB.
Total: 8.035900 ms (FindLiveObjects: 0.455800 ms CreateObjectMapping: 0.735600 ms MarkObjects: 6.538500 ms  DeleteObjects: 0.304900 ms)

Prepare: number of updated asset objects reloaded= 0
AssetImportParameters requested are different than current active one (requested -> active):
  custom:video-decoder-webm-vp8: 9c59270c3fd7afecdb556c50c9e8de78 -> 
  custom:audio-encoder-webm-vorbis: bf7c407c2cedff20999df2af8eb42d56 -> 
  custom:AudioImporter_EditorPlatform: d09bf68614088b80899f8185d706f6e7 -> 
  custom:audio-decoder-ogg-vorbis: bf7c407c2cedff20999df2af8eb42d56 -> 
  custom:video-encoder-webm-vp8: eb34c28f22e8b96e1ab97ce403110664 -> 
  custom:container-demuxer-ogg: 62fdf1f143b41e24485cea50d1cbac27 -> 
  custom:framework-win-MediaFoundation: 216162199b28c13a410421893ffa2e32 -> 
  custom:video-decoder-ogg-theora: a1e56fd34408186e4bbccfd4996cb3dc -> 
  custom:container-muxer-webm: aa71ff27fc2769a1b78a27578f13a17b -> 
  custom:CustomObjectIndexerAttribute: 756ad292c208cfabdd7b50bc23989ffe -> 
  custom:container-demuxer-webm: 4f35f7cbe854078d1ac9338744f61a02 -> 
========================================================================
Received Prepare
Begin MonoManager ReloadAssembly
C:\build\output\Unity-Technologies\mono\mono\metadata\icall.c:1842:
C:\build\output\Unity-Technologies\mono\mono\metadata\icall.c:1842:
C:\build\output\Unity-Technologies\mono\mono\metadata\icall.c:1842:
C:\build\output\Unity-Technologies\mono\mono\metadata\icall.c:1842:
C:\build\output\Unity-Technologies\mono\mono\metadata\icall.c:1842:
C:\build\output\Unity-Technologies\mono\mono\metadata\icall.c:1842:
C:\build\output\Unity-Technologies\mono\mono\metadata\icall.c:1842:
C:\build\output\Unity-Technologies\mono\mono\metadata\icall.c:1842:
C:\build\output\Unity-Technologies\mono\mono\metadata\icall.c:1842:
C:\build\output\Unity-Technologies\mono\mono\metadata\icall.c:1842:
C:\build\output\Unity-Technologies\mono\mono\metadata\icall.c:1842:
C:\build\output\Unity-Technologies\mono\mono\metadata\icall.c:1842:
Symbol file LoadedFromMemory doesn't match image D:\Проект\AXYET-GameDev\AXYET-GameDev\Library\PackageCache\com.unity.visualscripting@1.8.0\Editor\VisualScripting.Core\Dependencies\YamlDotNet\Unity.VisualScripting.YamlDotNet.dll
Symbol file LoadedFromMemory doesn't match image D:\Проект\AXYET-GameDev\AXYET-GameDev\Library\PackageCache\com.unity.visualscripting@1.8.0\Editor\VisualScripting.Core\Dependencies\DotNetZip\Unity.VisualScripting.IonicZip.dll
- Loaded All Assemblies, in  0.756 seconds
Refreshing native plugins compatible for Editor in 3.65 ms, found 4 plugins.
Native extension for WindowsStandalone target not found
Mono: successfully reloaded assembly
- Finished resetting the current domain, in  1.097 seconds
Domain Reload Profiling: 1852ms
	BeginReloadAssembly (181ms)
		ExecutionOrderSort (0ms)
		DisableScriptedObjects (14ms)
		BackupInstance (0ms)
		ReleaseScriptingObjects (0ms)
		CreateAndSetChildDomain (45ms)
	RebuildCommonClasses (40ms)
	RebuildNativeTypeToScriptingClass (20ms)
	initialDomainReloadingComplete (29ms)
	LoadAllAssembliesAndSetupDomain (483ms)
		LoadAssemblies (271ms)
		RebuildTransferFunctionScriptingTraits (0ms)
		AnalyzeDomain (300ms)
			TypeCache.Refresh (293ms)
				TypeCache.ScanAssembly (281ms)
			ScanForSourceGeneratedMonoScriptInfo (0ms)
			ResolveRequiredComponents (6ms)
	FinalizeReload (1098ms)
		ReleaseScriptCaches (0ms)
		RebuildScriptCaches (0ms)
		SetupLoadedEditorAssemblies (534ms)
			LogAssemblyErrors (0ms)
			InitializePlatformSupportModulesInManaged (6ms)
			SetLoadedEditorAssemblies (3ms)
			BeforeProcessingInitializeOnLoad (113ms)
			ProcessInitializeOnLoadAttributes (369ms)
			ProcessInitializeOnLoadMethodAttributes (37ms)
			AfterProcessingInitializeOnLoad (5ms)
			EditorAssembliesLoaded (0ms)
		ExecutionOrderSort2 (0ms)
		AwakeInstancesAfterBackupRestoration (9ms)
Refreshing native plugins compatible for Editor in 11.44 ms, found 4 plugins.
Preloading 0 native plugins for Editor in 0.00 ms.
Unloading 4294 Unused Serialized files (Serialized files now loaded: 0)
Unloading 35 unused Assets / (92.1 KB). Loaded Objects now: 4892.
Memory consumption went from 147.7 MB to 147.6 MB.
Total: 10.977700 ms (FindLiveObjects: 0.534600 ms CreateObjectMapping: 2.701400 ms MarkObjects: 7.601700 ms  DeleteObjects: 0.139200 ms)

Prepare: number of updated asset objects reloaded= 0
AssetImportParameters requested are different than current active one (requested -> active):
  custom:video-decoder-webm-vp8: 9c59270c3fd7afecdb556c50c9e8de78 -> 
  custom:audio-encoder-webm-vorbis: bf7c407c2cedff20999df2af8eb42d56 -> 
  custom:AudioImporter_EditorPlatform: d09bf68614088b80899f8185d706f6e7 -> 
  custom:audio-decoder-ogg-vorbis: bf7c407c2cedff20999df2af8eb42d56 -> 
  custom:video-encoder-webm-vp8: eb34c28f22e8b96e1ab97ce403110664 -> 
  custom:container-demuxer-ogg: 62fdf1f143b41e24485cea50d1cbac27 -> 
  custom:framework-win-MediaFoundation: 216162199b28c13a410421893ffa2e32 -> 
  custom:video-decoder-ogg-theora: a1e56fd34408186e4bbccfd4996cb3dc -> 
  custom:container-muxer-webm: aa71ff27fc2769a1b78a27578f13a17b -> 
  custom:CustomObjectIndexerAttribute: 756ad292c208cfabdd7b50bc23989ffe -> 
  custom:container-demuxer-webm: 4f35f7cbe854078d1ac9338744f61a02 -> 
========================================================================
Received Import Request.
  Time since last request: 1008.718474 seconds.
  path: Assets/sprites/Background/anim dummy.png
  artifactKey: Guid(6c75642ce8804a849b2f1f0c8c9f3b36) Importer(815301076,1909f56bfc062723c751e8b465ee728b)
Start importing Assets/sprites/Background/anim dummy.png using Guid(6c75642ce8804a849b2f1f0c8c9f3b36) Importer(815301076,1909f56bfc062723c751e8b465ee728b)  -> (artifact id: '38b443e477bf09a379957d6e787c917f') in 0.156655 seconds
Number of updated asset objects reloaded before import = 0
Number of asset objects unloaded after import = 10
========================================================================
Received Import Request.
  Time since last request: 0.000025 seconds.
  path: Assets/sprites/Background/background_2.png
  artifactKey: Guid(3f53964776a5cb74db481252367f5bec) Importer(815301076,1909f56bfc062723c751e8b465ee728b)
Start importing Assets/sprites/Background/background_2.png using Guid(3f53964776a5cb74db481252367f5bec) Importer(815301076,1909f56bfc062723c751e8b465ee728b)  -> (artifact id: 'bf14b4b9622469398db2b2b9d5037c26') in 0.029462 seconds
Number of updated asset objects reloaded before import = 0
Number of asset objects unloaded after import = 3
========================================================================
Received Import Request.
  Time since last request: 0.000029 seconds.
  path: Assets/sprites/enemy/Arrows.png
  artifactKey: Guid(55a5e65fde415364fa9b2365ed0a72e5) Importer(815301076,1909f56bfc062723c751e8b465ee728b)
Start importing Assets/sprites/enemy/Arrows.png using Guid(55a5e65fde415364fa9b2365ed0a72e5) Importer(815301076,1909f56bfc062723c751e8b465ee728b)  -> (artifact id: '701d2adab73d863f5e91e962495444c1') in 0.021162 seconds
Number of updated asset objects reloaded before import = 0
Number of asset objects unloaded after import = 4
========================================================================
Received Import Request.
  Time since last request: 0.000011 seconds.
  path: Assets/sprites/Background/background_0.png
  artifactKey: Guid(9df26d801e44f344c8db69dfe488d9f7) Importer(815301076,1909f56bfc062723c751e8b465ee728b)
Start importing Assets/sprites/Background/background_0.png using Guid(9df26d801e44f344c8db69dfe488d9f7) Importer(815301076,1909f56bfc062723c751e8b465ee728b)  -> (artifact id: '859d2d8fb7caecee5986e0f0c800f59f') in 0.019050 seconds
Number of updated asset objects reloaded before import = 0
Number of asset objects unloaded after import = 3
========================================================================
Received Import Request.
  Time since last request: 3.394642 seconds.
  path: Assets/sprites/player sprites/Crow Animations/crow_idle.png
  artifactKey: Guid(9b817e2c39cb6f94cb9927dbd803e0f3) Importer(815301076,1909f56bfc062723c751e8b465ee728b)
Start importing Assets/sprites/player sprites/Crow Animations/crow_idle.png using Guid(9b817e2c39cb6f94cb9927dbd803e0f3) Importer(815301076,1909f56bfc062723c751e8b465ee728b)  -> (artifact id: 'aa7dead9f7a53c16e6e21b66adda9285') in 0.030452 seconds
Number of updated asset objects reloaded before import = 0
Number of asset objects unloaded after import = 6
========================================================================
Received Import Request.
  Time since last request: 0.252242 seconds.
  path: Assets/sprites/enemy/Enemy 1.2.png
  artifactKey: Guid(68d22e00c91c0c94f96c86464edce402) Importer(815301076,1909f56bfc062723c751e8b465ee728b)
Start importing Assets/sprites/enemy/Enemy 1.2.png using Guid(68d22e00c91c0c94f96c86464edce402) Importer(815301076,1909f56bfc062723c751e8b465ee728b)  -> (artifact id: '7e6a204f158216ec419e4f234d3dea1f') in 0.098810 seconds
Number of updated asset objects reloaded before import = 0
Number of asset objects unloaded after import = 20
========================================================================
Received Import Request.
  Time since last request: 1.068362 seconds.
  path: Assets/sprites/wills_pixel_explosions_sample/round_vortex/PNG/frame0001.png
  artifactKey: Guid(b17c696e329c2104ab60edd779c76cfa) Importer(815301076,1909f56bfc062723c751e8b465ee728b)
Start importing Assets/sprites/wills_pixel_explosions_sample/round_vortex/PNG/frame0001.png using Guid(b17c696e329c2104ab60edd779c76cfa) Importer(815301076,1909f56bfc062723c751e8b465ee728b)  -> (artifact id: 'c4cf3e3f6eb3816fce2bd31cfd220ec7') in 0.048926 seconds
Number of updated asset objects reloaded before import = 0
Number of asset objects unloaded after import = 3
========================================================================
Received Import Request.
  Time since last request: 0.063758 seconds.
  path: Assets/sprites/wills_pixel_explosions_sample/round_explosion/PNG/frame0003.png
  artifactKey: Guid(d628ba0121559944db2fb1fbc47d3611) Importer(815301076,1909f56bfc062723c751e8b465ee728b)
Start importing Assets/sprites/wills_pixel_explosions_sample/round_explosion/PNG/frame0003.png using Guid(d628ba0121559944db2fb1fbc47d3611) Importer(815301076,1909f56bfc062723c751e8b465ee728b)  -> (artifact id: 'bf086792129c4ebf7299339c829aa04a') in 0.068585 seconds
Number of updated asset objects reloaded before import = 0
Number of asset objects unloaded after import = 3
========================================================================
Received Import Request.
  Time since last request: 0.015972 seconds.
  path: Assets/sprites/wills_pixel_explosions_sample/vertical_explosion/PNG/frame0003.png
  artifactKey: Guid(7426f519c6f651840a844aa74829e9c5) Importer(815301076,1909f56bfc062723c751e8b465ee728b)
Start importing Assets/sprites/wills_pixel_explosions_sample/vertical_explosion/PNG/frame0003.png using Guid(7426f519c6f651840a844aa74829e9c5) Importer(815301076,1909f56bfc062723c751e8b465ee728b)  -> (artifact id: 'f05a199710fdb4bb7a4292cd0b3d085d') in 0.034504 seconds
Number of updated asset objects reloaded before import = 0
Number of asset objects unloaded after import = 3
========================================================================
Received Import Request.
  Time since last request: 0.480799 seconds.
  path: Assets/sprites/wills_pixel_explosions_sample/round_explosion/PNG/frame0009.png
  artifactKey: Guid(9941b70c33748c7489dbfcddd6f763e1) Importer(815301076,1909f56bfc062723c751e8b465ee728b)
Start importing Assets/sprites/wills_pixel_explosions_sample/round_explosion/PNG/frame0009.png using Guid(9941b70c33748c7489dbfcddd6f763e1) Importer(815301076,1909f56bfc062723c751e8b465ee728b)  -> (artifact id: '85a4b7ed15c788d1a65e46d4c1a4e491') in 0.023742 seconds
Number of updated asset objects reloaded before import = 0
Number of asset objects unloaded after import = 3
========================================================================
Received Import Request.
  Time since last request: 0.040478 seconds.
  path: Assets/sprites/wills_pixel_explosions_sample/vertical_explosion_small/PNG/frame0009.png
  artifactKey: Guid(874bcbc3b478d924fac5aaf7d0575cb7) Importer(815301076,1909f56bfc062723c751e8b465ee728b)
Start importing Assets/sprites/wills_pixel_explosions_sample/vertical_explosion_small/PNG/frame0009.png using Guid(874bcbc3b478d924fac5aaf7d0575cb7) Importer(815301076,1909f56bfc062723c751e8b465ee728b)  -> (artifact id: '46273b9fc05a103bdbfc366f77758aec') in 0.036739 seconds
Number of updated asset objects reloaded before import = 0
Number of asset objects unloaded after import = 3
========================================================================
Received Import Request.
  Time since last request: 2.315434 seconds.
  path: Assets/sprites/wills_pixel_explosions_sample/round_explosion/PNG/frame0012.png
  artifactKey: Guid(7f794d6ccbf20e64288a135b5fc2c37e) Importer(815301076,1909f56bfc062723c751e8b465ee728b)
Start importing Assets/sprites/wills_pixel_explosions_sample/round_explosion/PNG/frame0012.png using Guid(7f794d6ccbf20e64288a135b5fc2c37e) Importer(815301076,1909f56bfc062723c751e8b465ee728b)  -> (artifact id: '59234c6c270bc95b033a4fdde5eebc48') in 0.051428 seconds
Number of updated asset objects reloaded before import = 0
Number of asset objects unloaded after import = 3
========================================================================
Received Import Request.
  Time since last request: 0.345700 seconds.
  path: Assets/sprites/wills_pixel_explosions_sample/vertical_explosion/PNG/frame0029.png
  artifactKey: Guid(965c987fef266af4f88587539b48185b) Importer(815301076,1909f56bfc062723c751e8b465ee728b)
Start importing Assets/sprites/wills_pixel_explosions_sample/vertical_explosion/PNG/frame0029.png using Guid(965c987fef266af4f88587539b48185b) Importer(815301076,1909f56bfc062723c751e8b465ee728b)  -> (artifact id: '17be23c2ef5ce415d8e4850ce46d5b69') in 0.047237 seconds
Number of updated asset objects reloaded before import = 0
Number of asset objects unloaded after import = 4
========================================================================
Received Import Request.
  Time since last request: 0.014622 seconds.
  path: Assets/sprites/wills_pixel_explosions_sample/vertical_explosion_small/PNG/frame0029.png
  artifactKey: Guid(987e300d084b1c64a9fdddba504f9fa6) Importer(815301076,1909f56bfc062723c751e8b465ee728b)
Start importing Assets/sprites/wills_pixel_explosions_sample/vertical_explosion_small/PNG/frame0029.png using Guid(987e300d084b1c64a9fdddba504f9fa6) Importer(815301076,1909f56bfc062723c751e8b465ee728b)  -> (artifact id: '4967544d7a958103c946c4922e75c369') in 0.019902 seconds
Number of updated asset objects reloaded before import = 0
Number of asset objects unloaded after import = 5
========================================================================
Received Import Request.
  Time since last request: 0.159234 seconds.
  path: Assets/sprites/wills_pixel_explosions_sample/vertical_explosion/PNG/frame0031.png
  artifactKey: Guid(8077a9582d9a4754a9f52b41f04a8b61) Importer(815301076,1909f56bfc062723c751e8b465ee728b)
Start importing Assets/sprites/wills_pixel_explosions_sample/vertical_explosion/PNG/frame0031.png using Guid(8077a9582d9a4754a9f52b41f04a8b61) Importer(815301076,1909f56bfc062723c751e8b465ee728b)  -> (artifact id: '747efc7b5b105dd141b15f8c52be56c1') in 0.043406 seconds
Number of updated asset objects reloaded before import = 0
Number of asset objects unloaded after import = 5
========================================================================
Received Import Request.
  Time since last request: 0.028590 seconds.
  path: Assets/sprites/wills_pixel_explosions_sample/X_plosion/PNG/frame0031.png
  artifactKey: Guid(b287b891e63dac648b3b8be047409448) Importer(815301076,1909f56bfc062723c751e8b465ee728b)
Start importing Assets/sprites/wills_pixel_explosions_sample/X_plosion/PNG/frame0031.png using Guid(b287b891e63dac648b3b8be047409448) Importer(815301076,1909f56bfc062723c751e8b465ee728b)  -> (artifact id: 'cdd8e5d888a106ae49fb70b067c94ddd') in 0.076801 seconds
Number of updated asset objects reloaded before import = 0
Number of asset objects unloaded after import = 8
========================================================================
Received Import Request.
  Time since last request: 0.040312 seconds.
  path: Assets/sprites/wills_pixel_explosions_sample/X_plosion/PNG/frame0032.png
  artifactKey: Guid(e42de7f8c90d96041b04c8cfe7b89894) Importer(815301076,1909f56bfc062723c751e8b465ee728b)
Start importing Assets/sprites/wills_pixel_explosions_sample/X_plosion/PNG/frame0032.png using Guid(e42de7f8c90d96041b04c8cfe7b89894) Importer(815301076,1909f56bfc062723c751e8b465ee728b)  -> (artifact id: '34688262a0fcd317cfde99220288e60b') in 0.038289 seconds
Number of updated asset objects reloaded before import = 0
Number of asset objects unloaded after import = 8
========================================================================
Received Import Request.
  Time since last request: 0.106385 seconds.
  path: Assets/sprites/wills_pixel_explosions_sample/round_vortex/PNG/frame0033.png
  artifactKey: Guid(b8ceab0e679690a48b194463443e4485) Importer(815301076,1909f56bfc062723c751e8b465ee728b)
Start importing Assets/sprites/wills_pixel_explosions_sample/round_vortex/PNG/frame0033.png using Guid(b8ceab0e679690a48b194463443e4485) Importer(815301076,1909f56bfc062723c751e8b465ee728b)  -> (artifact id: 'b2511597e88e24026db4fb03cedc9f03') in 0.018802 seconds
Number of updated asset objects reloaded before import = 0
Number of asset objects unloaded after import = 3
========================================================================
Received Import Request.
  Time since last request: 0.880836 seconds.
  path: Assets/sprites/wills_pixel_explosions_sample/vertical_explosion_small/PNG/frame0035.png
  artifactKey: Guid(67d64007af27ea546a9c332021901d58) Importer(815301076,1909f56bfc062723c751e8b465ee728b)
Start importing Assets/sprites/wills_pixel_explosions_sample/vertical_explosion_small/PNG/frame0035.png using Guid(67d64007af27ea546a9c332021901d58) Importer(815301076,1909f56bfc062723c751e8b465ee728b)  -> (artifact id: 'e0d925c006106209f9a481905b619d52') in 0.049429 seconds
Number of updated asset objects reloaded before import = 0
Number of asset objects unloaded after import = 5
========================================================================
Received Import Request.
  Time since last request: 0.382437 seconds.
  path: Assets/sprites/wills_pixel_explosions_sample/X_plosion/PNG/frame0037.png
  artifactKey: Guid(eebf389bba3677940ba6f83f40d54fa6) Importer(815301076,1909f56bfc062723c751e8b465ee728b)
Start importing Assets/sprites/wills_pixel_explosions_sample/X_plosion/PNG/frame0037.png using Guid(eebf389bba3677940ba6f83f40d54fa6) Importer(815301076,1909f56bfc062723c751e8b465ee728b)  -> (artifact id: '8e1496ebb4eb30a35156ed8dde360cb2') in 0.034818 seconds
Number of updated asset objects reloaded before import = 0
Number of asset objects unloaded after import = 6
========================================================================
Received Import Request.
  Time since last request: 0.142187 seconds.
  path: Assets/sprites/wills_pixel_explosions_sample/X_plosion/PNG/frame0038.png
  artifactKey: Guid(5f4cef92a82628b46afbbcf2868acc17) Importer(815301076,1909f56bfc062723c751e8b465ee728b)
Start importing Assets/sprites/wills_pixel_explosions_sample/X_plosion/PNG/frame0038.png using Guid(5f4cef92a82628b46afbbcf2868acc17) Importer(815301076,1909f56bfc062723c751e8b465ee728b)  -> (artifact id: '43b393e0e0b8f5bc8abe5aa9cfb90524') in 0.034847 seconds
Number of updated asset objects reloaded before import = 0
Number of asset objects unloaded after import = 6
========================================================================
Received Import Request.
  Time since last request: 0.333165 seconds.
  path: Assets/sprites/wills_pixel_explosions_sample/round_explosion/PNG/frame0041.png
  artifactKey: Guid(74f1860529c56bb49a7918956ed87634) Importer(815301076,1909f56bfc062723c751e8b465ee728b)
Start importing Assets/sprites/wills_pixel_explosions_sample/round_explosion/PNG/frame0041.png using Guid(74f1860529c56bb49a7918956ed87634) Importer(815301076,1909f56bfc062723c751e8b465ee728b)  -> (artifact id: 'c0f2a959d28a12601a9c7dd14b7bbbbe') in 0.020440 seconds
Number of updated asset objects reloaded before import = 0
Number of asset objects unloaded after import = 3
========================================================================
Received Import Request.
  Time since last request: 0.418472 seconds.
  path: Assets/sprites/wills_pixel_explosions_sample/round_explosion/PNG/frame0044.png
  artifactKey: Guid(144e6ef22b5eba24cae491509b8e44be) Importer(815301076,1909f56bfc062723c751e8b465ee728b)
Start importing Assets/sprites/wills_pixel_explosions_sample/round_explosion/PNG/frame0044.png using Guid(144e6ef22b5eba24cae491509b8e44be) Importer(815301076,1909f56bfc062723c751e8b465ee728b)  -> (artifact id: '6336afba3c967858227dc7b98f6eb3af') in 0.058806 seconds
Number of updated asset objects reloaded before import = 0
Number of asset objects unloaded after import = 3
========================================================================
Received Import Request.
  Time since last request: 0.018006 seconds.
  path: Assets/sprites/wills_pixel_explosions_sample/vertical_explosion/PNG/frame0044.png
  artifactKey: Guid(6a73530d8aee1c14c8debe88e1d60d94) Importer(815301076,1909f56bfc062723c751e8b465ee728b)
Start importing Assets/sprites/wills_pixel_explosions_sample/vertical_explosion/PNG/frame0044.png using Guid(6a73530d8aee1c14c8debe88e1d60d94) Importer(815301076,1909f56bfc062723c751e8b465ee728b)  -> (artifact id: '9ed918d2a6b4d5ce5959cef87ac4da21') in 0.041786 seconds
Number of updated asset objects reloaded before import = 0
Number of asset objects unloaded after import = 7
========================================================================
Received Import Request.
  Time since last request: 0.280337 seconds.
  path: Assets/sprites/wills_pixel_explosions_sample/round_vortex/PNG/frame0046.png
  artifactKey: Guid(fb8d4fed46fe40b4caa32411bb01d31f) Importer(815301076,1909f56bfc062723c751e8b465ee728b)
Start importing Assets/sprites/wills_pixel_explosions_sample/round_vortex/PNG/frame0046.png using Guid(fb8d4fed46fe40b4caa32411bb01d31f) Importer(815301076,1909f56bfc062723c751e8b465ee728b)  -> (artifact id: '7d73fa738d6c46f3d75cc6376eebf1e5') in 0.029094 seconds
Number of updated asset objects reloaded before import = 0
Number of asset objects unloaded after import = 5
========================================================================
Received Import Request.
  Time since last request: 0.959453 seconds.
  path: Assets/sprites/wills_pixel_explosions_sample/vertical_explosion_small/PNG/frame0049.png
  artifactKey: Guid(ec80764311e903f4c9d7893fba05a690) Importer(815301076,1909f56bfc062723c751e8b465ee728b)
Start importing Assets/sprites/wills_pixel_explosions_sample/vertical_explosion_small/PNG/frame0049.png using Guid(ec80764311e903f4c9d7893fba05a690) Importer(815301076,1909f56bfc062723c751e8b465ee728b)  -> (artifact id: 'f1b021cf4678934693de356169a749ad') in 0.046119 seconds
Number of updated asset objects reloaded before import = 0
Number of asset objects unloaded after import = 4
========================================================================
Received Import Request.
  Time since last request: 0.657785 seconds.
  path: Assets/sprites/wills_pixel_explosions_sample/X_plosion/PNG/frame0052.png
  artifactKey: Guid(e06b59db79ea2b74a9f6de23dcccb66f) Importer(815301076,1909f56bfc062723c751e8b465ee728b)
Start importing Assets/sprites/wills_pixel_explosions_sample/X_plosion/PNG/frame0052.png using Guid(e06b59db79ea2b74a9f6de23dcccb66f) Importer(815301076,1909f56bfc062723c751e8b465ee728b)  -> (artifact id: '0ce6b498d47d6bff36e7f0bdf6bc479f') in 0.118337 seconds
Number of updated asset objects reloaded before import = 0
Number of asset objects unloaded after import = 7
========================================================================
Received Import Request.
  Time since last request: 0.052702 seconds.
  path: Assets/sprites/wills_pixel_explosions_sample/X_plosion/PNG/frame0053.png
  artifactKey: Guid(78d979b4e2e05d64d9549a4e25f2cc95) Importer(815301076,1909f56bfc062723c751e8b465ee728b)
Start importing Assets/sprites/wills_pixel_explosions_sample/X_plosion/PNG/frame0053.png using Guid(78d979b4e2e05d64d9549a4e25f2cc95) Importer(815301076,1909f56bfc062723c751e8b465ee728b)  -> (artifact id: 'e4c56d54dc4c9fff27d70e065ec59954') in 0.169335 seconds
Number of updated asset objects reloaded before import = 0
Number of asset objects unloaded after import = 9
========================================================================
Received Import Request.
  Time since last request: 0.325838 seconds.
  path: Assets/sprites/wills_pixel_explosions_sample/vertical_explosion/PNG/frame0054.png
  artifactKey: Guid(afd2bfd4c4034ad4d94b56828fe279ca) Importer(815301076,1909f56bfc062723c751e8b465ee728b)
Start importing Assets/sprites/wills_pixel_explosions_sample/vertical_explosion/PNG/frame0054.png using Guid(afd2bfd4c4034ad4d94b56828fe279ca) Importer(815301076,1909f56bfc062723c751e8b465ee728b)  -> (artifact id: '91f4ed1cbfe1c773f93a976207b2e824') in 0.077448 seconds
Number of updated asset objects reloaded before import = 0
Number of asset objects unloaded after import = 5
========================================================================
Received Import Request.
  Time since last request: 0.912377 seconds.
  path: Assets/sprites/wills_pixel_explosions_sample/X_plosion/PNG/frame0057.png
  artifactKey: Guid(cba874c99325ed24ea807cfb6e6d8f6b) Importer(815301076,1909f56bfc062723c751e8b465ee728b)
Start importing Assets/sprites/wills_pixel_explosions_sample/X_plosion/PNG/frame0057.png using Guid(cba874c99325ed24ea807cfb6e6d8f6b) Importer(815301076,1909f56bfc062723c751e8b465ee728b)  -> (artifact id: 'f3207446be8dfbe0d3cb6e1e7a9062b5') in 0.110181 seconds
Number of updated asset objects reloaded before import = 0
Number of asset objects unloaded after import = 10
========================================================================
Received Import Request.
  Time since last request: 3.117451 seconds.
  path: Assets/sprites/wills_pixel_explosions_sample/round_vortex/PNG/frame0062.png
  artifactKey: Guid(7456c0eeb797b63468cd83bb44698b52) Importer(815301076,1909f56bfc062723c751e8b465ee728b)
Start importing Assets/sprites/wills_pixel_explosions_sample/round_vortex/PNG/frame0062.png using Guid(7456c0eeb797b63468cd83bb44698b52) Importer(815301076,1909f56bfc062723c751e8b465ee728b)  -> (artifact id: 'b6311b7c60691200325c773c54ef8806') in 0.071615 seconds
Number of updated asset objects reloaded before import = 0
Number of asset objects unloaded after import = 12
========================================================================
Received Import Request.
  Time since last request: 0.294600 seconds.
  path: Assets/sprites/wills_pixel_explosions_sample/vertical_explosion/PNG/frame0063.png
  artifactKey: Guid(10a6b3b917f06d744963d3ef2e2b76cd) Importer(815301076,1909f56bfc062723c751e8b465ee728b)
Start importing Assets/sprites/wills_pixel_explosions_sample/vertical_explosion/PNG/frame0063.png using Guid(10a6b3b917f06d744963d3ef2e2b76cd) Importer(815301076,1909f56bfc062723c751e8b465ee728b)  -> (artifact id: 'a299c9b1ea5abfb54c9afa2b10e6cd78') in 0.081216 seconds
Number of updated asset objects reloaded before import = 0
Number of asset objects unloaded after import = 6
========================================================================
Received Import Request.
  Time since last request: 4.151492 seconds.
  path: Assets/sprites/Background/icons16x16.png
  artifactKey: Guid(506ec209b9c651146bd364695504e059) Importer(815301076,1909f56bfc062723c751e8b465ee728b)
Start importing Assets/sprites/Background/icons16x16.png using Guid(506ec209b9c651146bd364695504e059) Importer(815301076,1909f56bfc062723c751e8b465ee728b)  -> (artifact id: '915ee404259c9badac24374ae1f7d78e') in 0.173377 seconds
Number of updated asset objects reloaded before import = 0
Number of asset objects unloaded after import = 99
========================================================================
Received Import Request.
  Time since last request: 1.297245 seconds.
  path: Assets/sprites/NPC/Witch/Idle5.png
  artifactKey: Guid(02eaf8181cccabe46a6267e41ddd26d3) Importer(815301076,1909f56bfc062723c751e8b465ee728b)
Start importing Assets/sprites/NPC/Witch/Idle5.png using Guid(02eaf8181cccabe46a6267e41ddd26d3) Importer(815301076,1909f56bfc062723c751e8b465ee728b)  -> (artifact id: '47b3aeabdf88b91787135de9da5209c3') in 0.018962 seconds
Number of updated asset objects reloaded before import = 0
Number of asset objects unloaded after import = 3
========================================================================
Received Import Request.
  Time since last request: 0.000013 seconds.
  path: Assets/sprites/NPC/Witch/Idle6.png
  artifactKey: Guid(fb79373c53ff97748afab70552ff735f) Importer(815301076,1909f56bfc062723c751e8b465ee728b)
Start importing Assets/sprites/NPC/Witch/Idle6.png using Guid(fb79373c53ff97748afab70552ff735f) Importer(815301076,1909f56bfc062723c751e8b465ee728b)  -> (artifact id: '739437c0a4e0ef9816048923f0018b1d') in 0.016338 seconds
Number of updated asset objects reloaded before import = 0
Number of asset objects unloaded after import = 4
========================================================================
Received Import Request.
  Time since last request: 0.025047 seconds.
  path: Assets/sprites/NPC/Witch/Idle9.png
  artifactKey: Guid(01560c1e510cd744dae865c0780e71b7) Importer(815301076,1909f56bfc062723c751e8b465ee728b)
Start importing Assets/sprites/NPC/Witch/Idle9.png using Guid(01560c1e510cd744dae865c0780e71b7) Importer(815301076,1909f56bfc062723c751e8b465ee728b)  -> (artifact id: '2d702aa856a0553c14715f64b338edb1') in 0.067466 seconds
Number of updated asset objects reloaded before import = 0
Number of asset objects unloaded after import = 4
Editor requested this worker to shutdown with reason: Scaling down because of idle timeout
AssetImportWorker is now disconnected from the server
Process exiting
Exiting without the bug reporter. Application will terminate with return code 0